c:\users\sbauser\desktop\directx3d\directx3d\x64\debug\directx3d.pch
c:\users\sbauser\desktop\directx3d\directx3d\x64\debug\vc143.pdb
c:\users\sbauser\desktop\directx3d\directx3d\x64\debug\vc143.idb
c:\users\sbauser\desktop\directx3d\directx3d\x64\debug\framework.obj
c:\users\sbauser\desktop\directx3d\directx3d\x64\debug\modelanimator.obj
c:\users\sbauser\desktop\directx3d\directx3d\x64\debug\dissolvemodelanimatorinstancing.obj
c:\users\sbauser\desktop\directx3d\directx3d\x64\debug\transform.obj
c:\users\sbauser\desktop\directx3d\directx3d\x64\debug\gamemath.obj
c:\users\sbauser\desktop\directx3d\directx3d\x64\debug\shadow.obj
c:\users\sbauser\desktop\directx3d\directx3d\x64\debug\environment.obj
c:\users\sbauser\desktop\directx3d\directx3d\x64\debug\camera.obj
c:\users\sbauser\desktop\directx3d\directx3d\x64\debug\spherecollider.obj
c:\users\sbauser\desktop\directx3d\directx3d\x64\debug\collider.obj
c:\users\sbauser\desktop\directx3d\directx3d\x64\debug\capsulecollider.obj
c:\users\sbauser\desktop\directx3d\directx3d\x64\debug\boxcollider.obj
c:\users\sbauser\desktop\directx3d\directx3d\x64\debug\vertexbuffer.obj
c:\users\sbauser\desktop\directx3d\directx3d\x64\debug\structuredbuffer.obj
c:\users\sbauser\desktop\directx3d\directx3d\x64\debug\rawbuffer.obj
c:\users\sbauser\desktop\directx3d\directx3d\x64\debug\indexbuffer.obj
c:\users\sbauser\desktop\directx3d\directx3d\x64\debug\constbuffer.obj
c:\users\sbauser\desktop\directx3d\directx3d\x64\debug\jpsnode.obj
c:\users\sbauser\desktop\directx3d\directx3d\x64\debug\jpsheap.obj
c:\users\sbauser\desktop\directx3d\directx3d\x64\debug\jps.obj
c:\users\sbauser\desktop\directx3d\directx3d\x64\debug\directx3d.obj
c:\users\sbauser\desktop\directx3d\directx3d\x64\debug\samplerstate.obj
c:\users\sbauser\desktop\directx3d\directx3d\x64\debug\rasterizerstate.obj
c:\users\sbauser\desktop\directx3d\directx3d\x64\debug\depthstencilstate.obj
c:\users\sbauser\desktop\directx3d\directx3d\x64\debug\blendstate.obj
c:\users\sbauser\desktop\directx3d\directx3d\x64\debug\vertexshader.obj
c:\users\sbauser\desktop\directx3d\directx3d\x64\debug\shader.obj
c:\users\sbauser\desktop\directx3d\directx3d\x64\debug\pixelshader.obj
c:\users\sbauser\desktop\directx3d\directx3d\x64\debug\geometryshader.obj
c:\users\sbauser\desktop\directx3d\directx3d\x64\debug\computeshader.obj
c:\users\sbauser\desktop\directx3d\directx3d\x64\debug\texture.obj
c:\users\sbauser\desktop\directx3d\directx3d\x64\debug\rendertarget.obj
c:\users\sbauser\desktop\directx3d\directx3d\x64\debug\material.obj
c:\users\sbauser\desktop\directx3d\directx3d\x64\debug\gbuffer.obj
c:\users\sbauser\desktop\directx3d\directx3d\x64\debug\depthstencil.obj
c:\users\sbauser\desktop\directx3d\directx3d\x64\debug\model.obj
c:\users\sbauser\desktop\directx3d\directx3d\x64\debug\modelmesh.obj
c:\users\sbauser\desktop\directx3d\directx3d\x64\debug\modelinstancing.obj
c:\users\sbauser\desktop\directx3d\directx3d\x64\debug\modelexporter.obj
c:\users\sbauser\desktop\directx3d\directx3d\x64\debug\modelclip.obj
c:\users\sbauser\desktop\directx3d\directx3d\x64\debug\modelanimatorinstancing.obj
c:\users\sbauser\desktop\directx3d\directx3d\x64\debug\actor.obj
c:\users\sbauser\desktop\directx3d\directx3d\x64\debug\uimanager.obj
c:\users\sbauser\desktop\directx3d\directx3d\x64\debug\scenemanager.obj
c:\users\sbauser\desktop\directx3d\directx3d\x64\debug\pathfindmanager.obj
c:\users\sbauser\desktop\directx3d\directx3d\x64\debug\gamemanager.obj
c:\users\sbauser\desktop\directx3d\directx3d\x64\debug\enemymanager.obj
c:\users\sbauser\desktop\directx3d\directx3d\x64\debug\datamanager.obj
c:\users\sbauser\desktop\directx3d\directx3d\x64\debug\collisionmanager.obj
c:\users\sbauser\desktop\directx3d\directx3d\x64\debug\xboxpad.obj
c:\users\sbauser\desktop\directx3d\directx3d\x64\debug\utility.obj
c:\users\sbauser\desktop\directx3d\directx3d\x64\debug\tinyxml2.obj
c:\users\sbauser\desktop\directx3d\directx3d\x64\debug\timer.obj
c:\users\sbauser\desktop\directx3d\directx3d\x64\debug\threadpool.obj
c:\users\sbauser\desktop\directx3d\directx3d\x64\debug\observer.obj
c:\users\sbauser\desktop\directx3d\directx3d\x64\debug\keyboard.obj
c:\users\sbauser\desktop\directx3d\directx3d\x64\debug\font.obj
c:\users\sbauser\desktop\directx3d\directx3d\x64\debug\binarywriter.obj
c:\users\sbauser\desktop\directx3d\directx3d\x64\debug\binaryreader.obj
c:\users\sbauser\desktop\directx3d\directx3d\x64\debug\audio.obj
c:\users\sbauser\desktop\directx3d\directx3d\x64\debug\device.obj
c:\users\sbauser\desktop\directx3d\directx3d\x64\debug\particlesystem.obj
c:\users\sbauser\desktop\directx3d\directx3d\x64\debug\particle.obj
c:\users\sbauser\desktop\directx3d\directx3d\x64\debug\particlemanager.obj
c:\users\sbauser\desktop\directx3d\directx3d\x64\debug\tile.obj
c:\users\sbauser\desktop\directx3d\directx3d\x64\debug\terraineditor.obj
c:\users\sbauser\desktop\directx3d\directx3d\x64\debug\terrain.obj
c:\users\sbauser\desktop\directx3d\directx3d\x64\debug\skybox.obj
c:\users\sbauser\desktop\directx3d\directx3d\x64\debug\instancingtile.obj
c:\users\sbauser\desktop\directx3d\directx3d\x64\debug\room.obj
c:\users\sbauser\desktop\directx3d\directx3d\x64\debug\hallway.obj
c:\users\sbauser\desktop\directx3d\directx3d\x64\debug\dungeon.obj
c:\users\sbauser\desktop\directx3d\directx3d\x64\debug\sphere.obj
c:\users\sbauser\desktop\directx3d\directx3d\x64\debug\quad.obj
c:\users\sbauser\desktop\directx3d\directx3d\x64\debug\gameobject.obj
c:\users\sbauser\desktop\directx3d\directx3d\x64\debug\cylinder.obj
c:\users\sbauser\desktop\directx3d\directx3d\x64\debug\cube.obj
c:\users\sbauser\desktop\directx3d\directx3d\x64\debug\urizen.obj
c:\users\sbauser\desktop\directx3d\directx3d\x64\debug\enemy.obj
c:\users\sbauser\desktop\directx3d\directx3d\x64\debug\empusa.obj
c:\users\sbauser\desktop\directx3d\directx3d\x64\debug\dante.obj
c:\users\sbauser\desktop\directx3d\directx3d\x64\debug\particletoolscene.obj
c:\users\sbauser\desktop\directx3d\directx3d\x64\debug\modelrenderscene.obj
c:\users\sbauser\desktop\directx3d\directx3d\x64\debug\modelexportscene.obj
c:\users\sbauser\desktop\directx3d\directx3d\x64\debug\modelanimationscene.obj
c:\users\sbauser\desktop\directx3d\directx3d\x64\debug\mapeditorscene.obj
c:\users\sbauser\desktop\directx3d\directx3d\x64\debug\maingamescene.obj
c:\users\sbauser\desktop\directx3d\directx3d\x64\debug\progressbar.obj
c:\users\sbauser\desktop\directx3d\directx3d\x64\debug\trail.obj
c:\users\sbauser\desktop\directx3d\directx3d\x64\debug\sprite.obj
c:\users\sbauser\desktop\directx3d\directx3d\x64\debug\spark.obj
c:\users\sbauser\desktop\directx3d\directx3d\x64\debug\snow.obj
c:\users\sbauser\desktop\directx3d\directx3d\x64\debug\rain.obj
c:\users\sbauser\desktop\directx3d\x64\debug\collider.cso
c:\users\sbauser\desktop\directx3d\x64\debug\texture.cso
c:\users\sbauser\desktop\directx3d\x64\debug\grid.cso
c:\users\sbauser\desktop\directx3d\x64\debug\trail.cso
c:\users\sbauser\desktop\directx3d\x64\debug\byteaddress.cso
c:\users\sbauser\desktop\directx3d\x64\debug\computepicking.cso
c:\users\sbauser\desktop\directx3d\x64\debug\particle.cso
c:\users\sbauser\desktop\directx3d\x64\debug\billboard.cso
c:\users\sbauser\desktop\directx3d\x64\debug\rain.cso
c:\users\sbauser\desktop\directx3d\x64\debug\snow.cso
c:\users\sbauser\desktop\directx3d\x64\debug\spark.cso
c:\users\sbauser\desktop\directx3d\x64\debug\sprite.cso
c:\users\sbauser\desktop\directx3d\x64\debug\skybox.cso
c:\users\sbauser\desktop\directx3d\x64\debug\terrain.cso
c:\users\sbauser\desktop\directx3d\x64\debug\terraineditor.cso
c:\users\sbauser\desktop\directx3d\x64\debug\tile.cso
c:\users\sbauser\desktop\directx3d\x64\debug\tileinstancing.cso
c:\users\sbauser\desktop\directx3d\x64\debug\animgbuffer.cso
c:\users\sbauser\desktop\directx3d\x64\debug\deferred.cso
c:\users\sbauser\desktop\directx3d\x64\debug\depthmap.cso
c:\users\sbauser\desktop\directx3d\x64\debug\gbuffer.cso
c:\users\sbauser\desktop\directx3d\x64\debug\light.cso
c:\users\sbauser\desktop\directx3d\x64\debug\shadow.cso
c:\users\sbauser\desktop\directx3d\x64\debug\dissolvemodelanimationinstancing.cso
c:\users\sbauser\desktop\directx3d\x64\debug\modelanimation.cso
c:\users\sbauser\desktop\directx3d\x64\debug\modelanimationinstancing.cso
c:\users\sbauser\desktop\directx3d\x64\debug\modelinstancing.cso
c:\users\sbauser\desktop\directx3d\x64\debug\bloom.cso
c:\users\sbauser\desktop\directx3d\x64\debug\fog.cso
c:\users\sbauser\desktop\directx3d\x64\debug\circleprogressbar.cso
c:\users\sbauser\desktop\directx3d\x64\debug\progressbar.cso
c:\users\sbauser\desktop\directx3d\directx3d\x64\debug\directx3d.ilk
c:\users\sbauser\desktop\directx3d\x64\debug\directx3d.exe
c:\users\sbauser\desktop\directx3d\x64\debug\directx3d.pdb
c:\users\sbauser\desktop\directx3d\x64\debug\directx3d.lib
c:\users\sbauser\desktop\directx3d\x64\debug\directx3d.exp
c:\users\sbauser\desktop\directx3d\directx3d\x64\debug\directx3d.res
c:\users\sbauser\desktop\directx3d\directx3d\x64\debug\directx3d.tlog\cl.command.1.tlog
c:\users\sbauser\desktop\directx3d\directx3d\x64\debug\directx3d.tlog\cl.read.1.tlog
c:\users\sbauser\desktop\directx3d\directx3d\x64\debug\directx3d.tlog\cl.write.1.tlog
c:\users\sbauser\desktop\directx3d\directx3d\x64\debug\directx3d.tlog\fxc.command.1.tlog
c:\users\sbauser\desktop\directx3d\directx3d\x64\debug\directx3d.tlog\fxc.read.1.tlog
c:\users\sbauser\desktop\directx3d\directx3d\x64\debug\directx3d.tlog\fxc.write.1.tlog
c:\users\sbauser\desktop\directx3d\directx3d\x64\debug\directx3d.tlog\link.command.1.tlog
c:\users\sbauser\desktop\directx3d\directx3d\x64\debug\directx3d.tlog\link.read.1.tlog
c:\users\sbauser\desktop\directx3d\directx3d\x64\debug\directx3d.tlog\link.write.1.tlog
c:\users\sbauser\desktop\directx3d\directx3d\x64\debug\directx3d.tlog\link.write.2u.tlog
c:\users\sbauser\desktop\directx3d\directx3d\x64\debug\directx3d.tlog\rc.command.1.tlog
c:\users\sbauser\desktop\directx3d\directx3d\x64\debug\directx3d.tlog\rc.read.1.tlog
c:\users\sbauser\desktop\directx3d\directx3d\x64\debug\directx3d.tlog\rc.write.1.tlog
